<?xml version="1.0" ?>
<testsuites disabled="0" errors="0" failures="72" tests="72" time="0.0">
	<testsuite disabled="0" errors="0" failures="27" name="checkov" skipped="0" tests="27" time="0">
		<testcase name="CKV_AWS_117: Ensure that AWS Lambda function is configured inside a VPC in /cdk.out/CdkAspectsOverrideExampleStack1.template.json:93" timestamp="2024-07-24 09:36:27.524857" classname="checkov" status="WARNING" file="/cdk.out/CdkAspectsOverrideExampleStack1.template.json" line="93">
			<failure type="WARNING" message="CKV_AWS_117: Ensure that AWS Lambda function is configured inside a VPC"/>
		</testcase>
		<testcase name="CKV_AWS_116: Ensure that AWS Lambda function is configured for a Dead Letter Queue(DLQ) in /cdk.out/ExampleStack1WithoutAspects.template.json:109" timestamp="2024-07-24 09:36:27.524713" classname="checkov" status="WARNING" file="/cdk.out/ExampleStack1WithoutAspects.template.json" line="109">
			<failure type="WARNING" message="CKV_AWS_116: Ensure that AWS Lambda function is configured for a Dead Letter Queue(DLQ)"/>
		</testcase>
		<testcase name="CKV_AWS_117: Ensure that AWS Lambda function is configured inside a VPC in /cdk.out/ExampleStack1WithoutAspects.template.json:109" timestamp="2024-07-24 09:36:27.524737" classname="checkov" status="WARNING" file="/cdk.out/ExampleStack1WithoutAspects.template.json" line="109">
			<failure type="WARNING" message="CKV_AWS_117: Ensure that AWS Lambda function is configured inside a VPC"/>
		</testcase>
		<testcase name="CKV_AWS_116: Ensure that AWS Lambda function is configured for a Dead Letter Queue(DLQ) in /cdk.out/ExampleStack1WithAspects.template.json:38" timestamp="2024-07-24 09:36:27.524869" classname="checkov" status="WARNING" file="/cdk.out/ExampleStack1WithAspects.template.json" line="38">
			<failure type="WARNING" message="CKV_AWS_116: Ensure that AWS Lambda function is configured for a Dead Letter Queue(DLQ)"/>
		</testcase>
		<testcase name="CKV_AWS_116: Ensure that AWS Lambda function is configured for a Dead Letter Queue(DLQ) in /cdk.out/CdkAspectsOverrideExampleStack2.template.json:37" timestamp="2024-07-24 09:36:27.524574" classname="checkov" status="WARNING" file="/cdk.out/CdkAspectsOverrideExampleStack2.template.json" line="37">
			<failure type="WARNING" message="CKV_AWS_116: Ensure that AWS Lambda function is configured for a Dead Letter Queue(DLQ)"/>
		</testcase>
		<testcase name="CKV_AWS_116: Ensure that AWS Lambda function is configured for a Dead Letter Queue(DLQ) in /cdk.out/CdkAspectsOverrideExampleStack1.template.json:93" timestamp="2024-07-24 09:36:27.524834" classname="checkov" status="WARNING" file="/cdk.out/CdkAspectsOverrideExampleStack1.template.json" line="93">
			<failure type="WARNING" message="CKV_AWS_116: Ensure that AWS Lambda function is configured for a Dead Letter Queue(DLQ)"/>
		</testcase>
		<testcase name="CKV_AWS_117: Ensure that AWS Lambda function is configured inside a VPC in /cdk.out/CdkAspectsOverrideExampleStack1.template.json:37" timestamp="2024-07-24 09:36:27.524823" classname="checkov" status="WARNING" file="/cdk.out/CdkAspectsOverrideExampleStack1.template.json" line="37">
			<failure type="WARNING" message="CKV_AWS_117: Ensure that AWS Lambda function is configured inside a VPC"/>
		</testcase>
		<testcase name="CKV_AWS_115: Ensure that AWS Lambda function is configured for function-level concurrent execution limit in /cdk.out/ExampleStack1WithoutAspects.template.json:109" timestamp="2024-07-24 09:36:27.524725" classname="checkov" status="WARNING" file="/cdk.out/ExampleStack1WithoutAspects.template.json" line="109">
			<failure type="WARNING" message="CKV_AWS_115: Ensure that AWS Lambda function is configured for function-level concurrent execution limit"/>
		</testcase>
		<testcase name="CKV_AWS_116: Ensure that AWS Lambda function is configured for a Dead Letter Queue(DLQ) in /cdk.out/ExampleStack2WithoutAspects.template.json:45" timestamp="2024-07-24 09:36:27.524639" classname="checkov" status="WARNING" file="/cdk.out/ExampleStack2WithoutAspects.template.json" line="45">
			<failure type="WARNING" message="CKV_AWS_116: Ensure that AWS Lambda function is configured for a Dead Letter Queue(DLQ)"/>
		</testcase>
		<testcase name="CKV_AWS_116: Ensure that AWS Lambda function is configured for a Dead Letter Queue(DLQ) in /cdk.out/ExampleStack1WithAspects.template.json:95" timestamp="2024-07-24 09:36:27.524903" classname="checkov" status="WARNING" file="/cdk.out/ExampleStack1WithAspects.template.json" line="95">
			<failure type="WARNING" message="CKV_AWS_116: Ensure that AWS Lambda function is configured for a Dead Letter Queue(DLQ)"/>
		</testcase>
		<testcase name="CKV_AWS_115: Ensure that AWS Lambda function is configured for function-level concurrent execution limit in /cdk.out/ExampleStack1WithoutAspects.template.json:45" timestamp="2024-07-24 09:36:27.524689" classname="checkov" status="WARNING" file="/cdk.out/ExampleStack1WithoutAspects.template.json" line="45">
			<failure type="WARNING" message="CKV_AWS_115: Ensure that AWS Lambda function is configured for function-level concurrent execution limit"/>
		</testcase>
		<testcase name="CKV_AWS_116: Ensure that AWS Lambda function is configured for a Dead Letter Queue(DLQ) in /cdk.out/CdkAspectsOverrideExampleStack1.template.json:37" timestamp="2024-07-24 09:36:27.524782" classname="checkov" status="WARNING" file="/cdk.out/CdkAspectsOverrideExampleStack1.template.json" line="37">
			<failure type="WARNING" message="CKV_AWS_116: Ensure that AWS Lambda function is configured for a Dead Letter Queue(DLQ)"/>
		</testcase>
		<testcase name="CKV_AWS_115: Ensure that AWS Lambda function is configured for function-level concurrent execution limit in /cdk.out/CdkAspectsOverrideExampleStack1.template.json:37" timestamp="2024-07-24 09:36:27.524811" classname="checkov" status="WARNING" file="/cdk.out/CdkAspectsOverrideExampleStack1.template.json" line="37">
			<failure type="WARNING" message="CKV_AWS_115: Ensure that AWS Lambda function is configured for function-level concurrent execution limit"/>
		</testcase>
		<testcase name="CKV_AWS_117: Ensure that AWS Lambda function is configured inside a VPC in /cdk.out/ExampleStack1WithAspects.template.json:38" timestamp="2024-07-24 09:36:27.524892" classname="checkov" status="WARNING" file="/cdk.out/ExampleStack1WithAspects.template.json" line="38">
			<failure type="WARNING" message="CKV_AWS_117: Ensure that AWS Lambda function is configured inside a VPC"/>
		</testcase>
		<testcase name="CKV_AWS_117: Ensure that AWS Lambda function is configured inside a VPC in /cdk.out/ExampleStack1WithoutAspects.template.json:45" timestamp="2024-07-24 09:36:27.524701" classname="checkov" status="WARNING" file="/cdk.out/ExampleStack1WithoutAspects.template.json" line="45">
			<failure type="WARNING" message="CKV_AWS_117: Ensure that AWS Lambda function is configured inside a VPC"/>
		</testcase>
		<testcase name="CKV_AWS_115: Ensure that AWS Lambda function is configured for function-level concurrent execution limit in /cdk.out/ExampleStack2WithoutAspects.template.json:45" timestamp="2024-07-24 09:36:27.524651" classname="checkov" status="WARNING" file="/cdk.out/ExampleStack2WithoutAspects.template.json" line="45">
			<failure type="WARNING" message="CKV_AWS_115: Ensure that AWS Lambda function is configured for function-level concurrent execution limit"/>
		</testcase>
		<testcase name="CKV_AWS_117: Ensure that AWS Lambda function is configured inside a VPC in /cdk.out/ExampleStack2WithoutAspects.template.json:45" timestamp="2024-07-24 09:36:27.524663" classname="checkov" status="WARNING" file="/cdk.out/ExampleStack2WithoutAspects.template.json" line="45">
			<failure type="WARNING" message="CKV_AWS_117: Ensure that AWS Lambda function is configured inside a VPC"/>
		</testcase>
		<testcase name="CKV_AWS_115: Ensure that AWS Lambda function is configured for function-level concurrent execution limit in /cdk.out/CdkAspectsOverrideExampleStack1.template.json:93" timestamp="2024-07-24 09:36:27.524846" classname="checkov" status="WARNING" file="/cdk.out/CdkAspectsOverrideExampleStack1.template.json" line="93">
			<failure type="WARNING" message="CKV_AWS_115: Ensure that AWS Lambda function is configured for function-level concurrent execution limit"/>
		</testcase>
		<testcase name="CKV_AWS_115: Ensure that AWS Lambda function is configured for function-level concurrent execution limit in /cdk.out/CdkAspectsOverrideExampleStack2.template.json:37" timestamp="2024-07-24 09:36:27.524612" classname="checkov" status="WARNING" file="/cdk.out/CdkAspectsOverrideExampleStack2.template.json" line="37">
			<failure type="WARNING" message="CKV_AWS_115: Ensure that AWS Lambda function is configured for function-level concurrent execution limit"/>
		</testcase>
		<testcase name="CKV_AWS_117: Ensure that AWS Lambda function is configured inside a VPC in /cdk.out/CdkAspectsOverrideExampleStack2.template.json:37" timestamp="2024-07-24 09:36:27.524627" classname="checkov" status="WARNING" file="/cdk.out/CdkAspectsOverrideExampleStack2.template.json" line="37">
			<failure type="WARNING" message="CKV_AWS_117: Ensure that AWS Lambda function is configured inside a VPC"/>
		</testcase>
		<testcase name="CKV_AWS_115: Ensure that AWS Lambda function is configured for function-level concurrent execution limit in /cdk.out/ExampleStack2WithAspects.template.json:38" timestamp="2024-07-24 09:36:27.524759" classname="checkov" status="WARNING" file="/cdk.out/ExampleStack2WithAspects.template.json" line="38">
			<failure type="WARNING" message="CKV_AWS_115: Ensure that AWS Lambda function is configured for function-level concurrent execution limit"/>
		</testcase>
		<testcase name="CKV_AWS_116: Ensure that AWS Lambda function is configured for a Dead Letter Queue(DLQ) in /cdk.out/ExampleStack1WithoutAspects.template.json:45" timestamp="2024-07-24 09:36:27.524675" classname="checkov" status="WARNING" file="/cdk.out/ExampleStack1WithoutAspects.template.json" line="45">
			<failure type="WARNING" message="CKV_AWS_116: Ensure that AWS Lambda function is configured for a Dead Letter Queue(DLQ)"/>
		</testcase>
		<testcase name="CKV_AWS_117: Ensure that AWS Lambda function is configured inside a VPC in /cdk.out/ExampleStack2WithAspects.template.json:38" timestamp="2024-07-24 09:36:27.524770" classname="checkov" status="WARNING" file="/cdk.out/ExampleStack2WithAspects.template.json" line="38">
			<failure type="WARNING" message="CKV_AWS_117: Ensure that AWS Lambda function is configured inside a VPC"/>
		</testcase>
		<testcase name="CKV_AWS_115: Ensure that AWS Lambda function is configured for function-level concurrent execution limit in /cdk.out/ExampleStack1WithAspects.template.json:95" timestamp="2024-07-24 09:36:27.524915" classname="checkov" status="WARNING" file="/cdk.out/ExampleStack1WithAspects.template.json" line="95">
			<failure type="WARNING" message="CKV_AWS_115: Ensure that AWS Lambda function is configured for function-level concurrent execution limit"/>
		</testcase>
		<testcase name="CKV_AWS_116: Ensure that AWS Lambda function is configured for a Dead Letter Queue(DLQ) in /cdk.out/ExampleStack2WithAspects.template.json:38" timestamp="2024-07-24 09:36:27.524748" classname="checkov" status="WARNING" file="/cdk.out/ExampleStack2WithAspects.template.json" line="38">
			<failure type="WARNING" message="CKV_AWS_116: Ensure that AWS Lambda function is configured for a Dead Letter Queue(DLQ)"/>
		</testcase>
		<testcase name="CKV_AWS_117: Ensure that AWS Lambda function is configured inside a VPC in /cdk.out/ExampleStack1WithAspects.template.json:95" timestamp="2024-07-24 09:36:27.524926" classname="checkov" status="WARNING" file="/cdk.out/ExampleStack1WithAspects.template.json" line="95">
			<failure type="WARNING" message="CKV_AWS_117: Ensure that AWS Lambda function is configured inside a VPC"/>
		</testcase>
		<testcase name="CKV_AWS_115: Ensure that AWS Lambda function is configured for function-level concurrent execution limit in /cdk.out/ExampleStack1WithAspects.template.json:38" timestamp="2024-07-24 09:36:27.524880" classname="checkov" status="WARNING" file="/cdk.out/ExampleStack1WithAspects.template.json" line="38">
			<failure type="WARNING" message="CKV_AWS_115: Ensure that AWS Lambda function is configured for function-level concurrent execution limit"/>
		</testcase>
	</testsuite>
	<testsuite disabled="0" errors="0" failures="10" name="semgrep" skipped="0" tests="10" time="0">
		<testcase name="Rule ID: package-dependencies-check Message: Package dependencies with variant versions may lead to dependency hijack and confusion attacks. Better to specify an exact version or use package-lock.json for a specific version of the package. in /src/package.json:19" timestamp="2024-07-24 09:36:27.526314" classname="semgrep" status="WARNING" file="/src/package.json" line="19">
			<failure type="WARNING" message="Rule ID: package-dependencies-check Message: Package dependencies with variant versions may lead to dependency hijack and confusion attacks. Better to specify an exact version or use package-lock.json for a specific version of the package."/>
		</testcase>
		<testcase name="Rule ID: use-frozen-lockfile-npm Message: To ensure reproducible and deterministic builds, use `npm ci` rather than `npm install` in scripts. This will use the lockfile rather than updating it. in /src/README.md:13" timestamp="2024-07-24 09:36:27.526212" classname="semgrep" status="INFO" file="/src/README.md" line="13">
			<failure type="INFO" message="Rule ID: use-frozen-lockfile-npm Message: To ensure reproducible and deterministic builds, use `npm ci` rather than `npm install` in scripts. This will use the lockfile rather than updating it."/>
		</testcase>
		<testcase name="Rule ID: package-dependencies-check Message: Package dependencies with variant versions may lead to dependency hijack and confusion attacks. Better to specify an exact version or use package-lock.json for a specific version of the package. in /src/package.json:16" timestamp="2024-07-24 09:36:27.526272" classname="semgrep" status="WARNING" file="/src/package.json" line="16">
			<failure type="WARNING" message="Rule ID: package-dependencies-check Message: Package dependencies with variant versions may lead to dependency hijack and confusion attacks. Better to specify an exact version or use package-lock.json for a specific version of the package."/>
		</testcase>
		<testcase name="Rule ID: missing-template-string-indicator Message: This looks like a JavaScript template string. Are you missing a '$' in front of '{...}'? in /src/lib/example-stacks.ts:16" timestamp="2024-07-24 09:36:27.526259" classname="semgrep" status="INFO" file="/src/lib/example-stacks.ts" line="16">
			<failure type="INFO" message="Rule ID: missing-template-string-indicator Message: This looks like a JavaScript template string. Are you missing a '$' in front of '{...}'?"/>
		</testcase>
		<testcase name="Rule ID: missing-template-string-indicator Message: This looks like a JavaScript template string. Are you missing a '$' in front of '{...}'? in /src/lib/example-stacks.ts:16" timestamp="2024-07-24 09:36:27.526246" classname="semgrep" status="INFO" file="/src/lib/example-stacks.ts" line="16">
			<failure type="INFO" message="Rule ID: missing-template-string-indicator Message: This looks like a JavaScript template string. Are you missing a '$' in front of '{...}'?"/>
		</testcase>
		<testcase name="Rule ID: detected-generic-secret Message: Generic Secret detected in /src/cdk.json:47" timestamp="2024-07-24 09:36:27.526229" classname="semgrep" status="ERROR" file="/src/cdk.json" line="47">
			<failure type="ERROR" message="Rule ID: detected-generic-secret Message: Generic Secret detected"/>
		</testcase>
		<testcase name="Rule ID: package-dependencies-check Message: Package dependencies with variant versions may lead to dependency hijack and confusion attacks. Better to specify an exact version or use package-lock.json for a specific version of the package. in /src/package.json:20" timestamp="2024-07-24 09:36:27.526328" classname="semgrep" status="WARNING" file="/src/package.json" line="20">
			<failure type="WARNING" message="Rule ID: package-dependencies-check Message: Package dependencies with variant versions may lead to dependency hijack and confusion attacks. Better to specify an exact version or use package-lock.json for a specific version of the package."/>
		</testcase>
		<testcase name="Rule ID: package-dependencies-check Message: Package dependencies with variant versions may lead to dependency hijack and confusion attacks. Better to specify an exact version or use package-lock.json for a specific version of the package. in /src/package.json:25" timestamp="2024-07-24 09:36:27.526341" classname="semgrep" status="WARNING" file="/src/package.json" line="25">
			<failure type="WARNING" message="Rule ID: package-dependencies-check Message: Package dependencies with variant versions may lead to dependency hijack and confusion attacks. Better to specify an exact version or use package-lock.json for a specific version of the package."/>
		</testcase>
		<testcase name="Rule ID: package-dependencies-check Message: Package dependencies with variant versions may lead to dependency hijack and confusion attacks. Better to specify an exact version or use package-lock.json for a specific version of the package. in /src/package.json:17" timestamp="2024-07-24 09:36:27.526285" classname="semgrep" status="WARNING" file="/src/package.json" line="17">
			<failure type="WARNING" message="Rule ID: package-dependencies-check Message: Package dependencies with variant versions may lead to dependency hijack and confusion attacks. Better to specify an exact version or use package-lock.json for a specific version of the package."/>
		</testcase>
		<testcase name="Rule ID: package-dependencies-check Message: Package dependencies with variant versions may lead to dependency hijack and confusion attacks. Better to specify an exact version or use package-lock.json for a specific version of the package. in /src/package.json:26" timestamp="2024-07-24 09:36:27.526353" classname="semgrep" status="WARNING" file="/src/package.json" line="26">
			<failure type="WARNING" message="Rule ID: package-dependencies-check Message: Package dependencies with variant versions may lead to dependency hijack and confusion attacks. Better to specify an exact version or use package-lock.json for a specific version of the package."/>
		</testcase>
	</testsuite>
	<testsuite disabled="0" errors="0" failures="33" name="bandit" skipped="0" tests="33" time="0">
		<testcase name="B603: subprocess call - check for execution of untrusted input. in /src/node_modules/aws-cdk-lib/custom-resource-handlers/dist/aws-eks/kubectl-handler/helm/__init__.py:23" timestamp="2024-07-24 09:36:27.525753" classname="bandit" status="INFO" file="/src/node_modules/aws-cdk-lib/custom-resource-handlers/dist/aws-eks/kubectl-handler/helm/__init__.py" line="23">
			<failure type="INFO" message="B603: subprocess call - check for execution of untrusted input."/>
		</testcase>
		<testcase name="B603: subprocess call - check for execution of untrusted input. in /src/node_modules/aws-cdk-lib/custom-resource-handlers/dist/aws-eks/kubectl-handler/get/__init__.py:28" timestamp="2024-07-24 09:36:27.525692" classname="bandit" status="INFO" file="/src/node_modules/aws-cdk-lib/custom-resource-handlers/dist/aws-eks/kubectl-handler/get/__init__.py" line="28">
			<failure type="INFO" message="B603: subprocess call - check for execution of untrusted input."/>
		</testcase>
		<testcase name="B310: Audit url open for permitted schemes. Allowing use of file:/ or custom schemes is often unexpected. in /src/node_modules/aws-cdk-lib/custom-resource-handlers/dist/aws-s3-deployment/bucket-deployment-handler/index.py:272" timestamp="2024-07-24 09:36:27.525966" classname="bandit" status="WARNING" file="/src/node_modules/aws-cdk-lib/custom-resource-handlers/dist/aws-s3-deployment/bucket-deployment-handler/index.py" line="272">
			<failure type="WARNING" message="B310: Audit url open for permitted schemes. Allowing use of file:/ or custom schemes is often unexpected."/>
		</testcase>
		<testcase name="B603: subprocess call - check for execution of untrusted input. in /src/node_modules/aws-cdk-lib/custom-resource-handlers/dist/aws-eks/kubectl-handler/helm/__init__.py:193" timestamp="2024-07-24 09:36:27.525855" classname="bandit" status="INFO" file="/src/node_modules/aws-cdk-lib/custom-resource-handlers/dist/aws-eks/kubectl-handler/helm/__init__.py" line="193">
			<failure type="INFO" message="B603: subprocess call - check for execution of untrusted input."/>
		</testcase>
		<testcase name="B404: Consider possible security implications associated with the subprocess module. in /src/node_modules/aws-cdk-lib/custom-resource-handlers/dist/aws-s3-deployment/bucket-deployment-handler/index.py:6" timestamp="2024-07-24 09:36:27.525930" classname="bandit" status="INFO" file="/src/node_modules/aws-cdk-lib/custom-resource-handlers/dist/aws-s3-deployment/bucket-deployment-handler/index.py" line="6">
			<failure type="INFO" message="B404: Consider possible security implications associated with the subprocess module."/>
		</testcase>
		<testcase name="B404: Consider possible security implications associated with the subprocess module. in /src/node_modules/aws-cdk-lib/custom-resource-handlers/dist/aws-stepfunctions-tasks/role-policy-handler/index.py:1" timestamp="2024-07-24 09:36:27.525991" classname="bandit" status="INFO" file="/src/node_modules/aws-cdk-lib/custom-resource-handlers/dist/aws-stepfunctions-tasks/role-policy-handler/index.py" line="1">
			<failure type="INFO" message="B404: Consider possible security implications associated with the subprocess module."/>
		</testcase>
		<testcase name="B603: subprocess call - check for execution of untrusted input. in /src/node_modules/aws-cdk-lib/custom-resource-handlers/dist/aws-eks/kubectl-handler/helm/__init__.py:58" timestamp="2024-07-24 09:36:27.525778" classname="bandit" status="INFO" file="/src/node_modules/aws-cdk-lib/custom-resource-handlers/dist/aws-eks/kubectl-handler/helm/__init__.py" line="58">
			<failure type="INFO" message="B603: subprocess call - check for execution of untrusted input."/>
		</testcase>
		<testcase name="B101: Use of assert detected. The enclosed code will be removed when compiling to optimised byte code. in /src/node_modules/aws-cdk-lib/custom-resource-handlers/dist/aws-eks/kubectl-handler/helm/__init__.py:81" timestamp="2024-07-24 09:36:27.525790" classname="bandit" status="INFO" file="/src/node_modules/aws-cdk-lib/custom-resource-handlers/dist/aws-eks/kubectl-handler/helm/__init__.py" line="81">
			<failure type="INFO" message="B101: Use of assert detected. The enclosed code will be removed when compiling to optimised byte code."/>
		</testcase>
		<testcase name="B404: Consider possible security implications associated with the subprocess module. in /src/node_modules/aws-cdk-lib/custom-resource-handlers/dist/aws-eks/kubectl-handler/patch/__init__.py:4" timestamp="2024-07-24 09:36:27.525869" classname="bandit" status="INFO" file="/src/node_modules/aws-cdk-lib/custom-resource-handlers/dist/aws-eks/kubectl-handler/patch/__init__.py" line="4">
			<failure type="INFO" message="B404: Consider possible security implications associated with the subprocess module."/>
		</testcase>
		<testcase name="B603: subprocess call - check for execution of untrusted input. in /src/node_modules/aws-cdk-lib/custom-resource-handlers/dist/aws-s3-deployment/bucket-deployment-handler/index.py:244" timestamp="2024-07-24 09:36:27.525954" classname="bandit" status="INFO" file="/src/node_modules/aws-cdk-lib/custom-resource-handlers/dist/aws-s3-deployment/bucket-deployment-handler/index.py" line="244">
			<failure type="INFO" message="B603: subprocess call - check for execution of untrusted input."/>
		</testcase>
		<testcase name="B108: Probable insecure usage of temp file/directory. in /src/node_modules/aws-cdk-lib/custom-resource-handlers/dist/aws-eks/kubectl-handler/helm/__init__.py:17" timestamp="2024-07-24 09:36:27.525729" classname="bandit" status="WARNING" file="/src/node_modules/aws-cdk-lib/custom-resource-handlers/dist/aws-eks/kubectl-handler/helm/__init__.py" line="17">
			<failure type="WARNING" message="B108: Probable insecure usage of temp file/directory."/>
		</testcase>
		<testcase name="B108: Probable insecure usage of temp file/directory. in /src/node_modules/aws-cdk-lib/custom-resource-handlers/dist/aws-eks/kubectl-handler/apply/__init__.py:12" timestamp="2024-07-24 09:36:27.525614" classname="bandit" status="WARNING" file="/src/node_modules/aws-cdk-lib/custom-resource-handlers/dist/aws-eks/kubectl-handler/apply/__init__.py" line="12">
			<failure type="WARNING" message="B108: Probable insecure usage of temp file/directory."/>
		</testcase>
		<testcase name="B603: subprocess call - check for execution of untrusted input. in /src/node_modules/aws-cdk-lib/custom-resource-handlers/dist/aws-eks/kubectl-handler/apply/__init__.py:84" timestamp="2024-07-24 09:36:27.525640" classname="bandit" status="INFO" file="/src/node_modules/aws-cdk-lib/custom-resource-handlers/dist/aws-eks/kubectl-handler/apply/__init__.py" line="84">
			<failure type="INFO" message="B603: subprocess call - check for execution of untrusted input."/>
		</testcase>
		<testcase name="B108: Probable insecure usage of temp file/directory. in /src/node_modules/aws-cdk-lib/custom-resource-handlers/dist/aws-eks/kubectl-handler/get/__init__.py:13" timestamp="2024-07-24 09:36:27.525665" classname="bandit" status="WARNING" file="/src/node_modules/aws-cdk-lib/custom-resource-handlers/dist/aws-eks/kubectl-handler/get/__init__.py" line="13">
			<failure type="WARNING" message="B108: Probable insecure usage of temp file/directory."/>
		</testcase>
		<testcase name="B607: Starting a process with a partial executable path in /src/node_modules/aws-cdk-lib/custom-resource-handlers/dist/aws-eks/kubectl-handler/get/__init__.py:28" timestamp="2024-07-24 09:36:27.525678" classname="bandit" status="INFO" file="/src/node_modules/aws-cdk-lib/custom-resource-handlers/dist/aws-eks/kubectl-handler/get/__init__.py" line="28">
			<failure type="INFO" message="B607: Starting a process with a partial executable path"/>
		</testcase>
		<testcase name="B108: Probable insecure usage of temp file/directory. in /src/node_modules/aws-cdk-lib/custom-resource-handlers/dist/aws-s3-deployment/bucket-deployment-handler/index.py:25" timestamp="2024-07-24 09:36:27.525942" classname="bandit" status="WARNING" file="/src/node_modules/aws-cdk-lib/custom-resource-handlers/dist/aws-s3-deployment/bucket-deployment-handler/index.py" line="25">
			<failure type="WARNING" message="B108: Probable insecure usage of temp file/directory."/>
		</testcase>
		<testcase name="B602: subprocess call with shell=True identified, security issue. in /src/node_modules/aws-cdk-lib/custom-resource-handlers/dist/aws-eks/kubectl-handler/helm/__init__.py:145" timestamp="2024-07-24 09:36:27.525827" classname="bandit" status="ERROR" file="/src/node_modules/aws-cdk-lib/custom-resource-handlers/dist/aws-eks/kubectl-handler/helm/__init__.py" line="145">
			<failure type="ERROR" message="B602: subprocess call with shell=True identified, security issue."/>
		</testcase>
		<testcase name="B603: subprocess call - check for execution of untrusted input. in /src/node_modules/aws-cdk-lib/custom-resource-handlers/dist/aws-eks/kubectl-handler/patch/__init__.py:27" timestamp="2024-07-24 09:36:27.525905" classname="bandit" status="INFO" file="/src/node_modules/aws-cdk-lib/custom-resource-handlers/dist/aws-eks/kubectl-handler/patch/__init__.py" line="27">
			<failure type="INFO" message="B603: subprocess call - check for execution of untrusted input."/>
		</testcase>
		<testcase name="B310: Audit url open for permitted schemes. Allowing use of file:/ or custom schemes is often unexpected. in /src/node_modules/aws-cdk-lib/custom-resource-handlers/dist/aws-s3/notifications-resource-handler/index.py:97" timestamp="2024-07-24 09:36:27.525979" classname="bandit" status="WARNING" file="/src/node_modules/aws-cdk-lib/custom-resource-handlers/dist/aws-s3/notifications-resource-handler/index.py" line="97">
			<failure type="WARNING" message="B310: Audit url open for permitted schemes. Allowing use of file:/ or custom schemes is often unexpected."/>
		</testcase>
		<testcase name="B108: Probable insecure usage of temp file/directory. in /src/node_modules/aws-cdk-lib/custom-resource-handlers/dist/aws-eks/kubectl-handler/patch/__init__.py:12" timestamp="2024-07-24 09:36:27.525881" classname="bandit" status="WARNING" file="/src/node_modules/aws-cdk-lib/custom-resource-handlers/dist/aws-eks/kubectl-handler/patch/__init__.py" line="12">
			<failure type="WARNING" message="B108: Probable insecure usage of temp file/directory."/>
		</testcase>
		<testcase name="B101: Use of assert detected. The enclosed code will be removed when compiling to optimised byte code. in /src/node_modules/aws-cdk-lib/custom-resource-handlers/dist/aws-eks/kubectl-handler/helm/__init__.py:82" timestamp="2024-07-24 09:36:27.525802" classname="bandit" status="INFO" file="/src/node_modules/aws-cdk-lib/custom-resource-handlers/dist/aws-eks/kubectl-handler/helm/__init__.py" line="82">
			<failure type="INFO" message="B101: Use of assert detected. The enclosed code will be removed when compiling to optimised byte code."/>
		</testcase>
		<testcase name="B404: Consider possible security implications associated with the subprocess module. in /src/node_modules/aws-cdk-lib/custom-resource-handlers/dist/aws-eks/kubectl-handler/apply/__init__.py:4" timestamp="2024-07-24 09:36:27.525595" classname="bandit" status="INFO" file="/src/node_modules/aws-cdk-lib/custom-resource-handlers/dist/aws-eks/kubectl-handler/apply/__init__.py" line="4">
			<failure type="INFO" message="B404: Consider possible security implications associated with the subprocess module."/>
		</testcase>
		<testcase name="B404: Consider possible security implications associated with the subprocess module. in /src/node_modules/aws-cdk-lib/custom-resource-handlers/dist/aws-eks/kubectl-handler/get/__init__.py:4" timestamp="2024-07-24 09:36:27.525653" classname="bandit" status="INFO" file="/src/node_modules/aws-cdk-lib/custom-resource-handlers/dist/aws-eks/kubectl-handler/get/__init__.py" line="4">
			<failure type="INFO" message="B404: Consider possible security implications associated with the subprocess module."/>
		</testcase>
		<testcase name="B607: Starting a process with a partial executable path in /src/node_modules/aws-cdk-lib/custom-resource-handlers/dist/aws-eks/kubectl-handler/patch/__init__.py:27" timestamp="2024-07-24 09:36:27.525893" classname="bandit" status="INFO" file="/src/node_modules/aws-cdk-lib/custom-resource-handlers/dist/aws-eks/kubectl-handler/patch/__init__.py" line="27">
			<failure type="INFO" message="B607: Starting a process with a partial executable path"/>
		</testcase>
		<testcase name="B603: subprocess call - check for execution of untrusted input. in /src/node_modules/aws-cdk-lib/custom-resource-handlers/dist/aws-eks/kubectl-handler/patch/__init__.py:59" timestamp="2024-07-24 09:36:27.525918" classname="bandit" status="INFO" file="/src/node_modules/aws-cdk-lib/custom-resource-handlers/dist/aws-eks/kubectl-handler/patch/__init__.py" line="59">
			<failure type="INFO" message="B603: subprocess call - check for execution of untrusted input."/>
		</testcase>
		<testcase name="B404: Consider possible security implications associated with the subprocess module. in /src/node_modules/aws-cdk-lib/custom-resource-handlers/dist/aws-eks/kubectl-handler/helm/__init__.py:5" timestamp="2024-07-24 09:36:27.525717" classname="bandit" status="INFO" file="/src/node_modules/aws-cdk-lib/custom-resource-handlers/dist/aws-eks/kubectl-handler/helm/__init__.py" line="5">
			<failure type="INFO" message="B404: Consider possible security implications associated with the subprocess module."/>
		</testcase>
		<testcase name="B603: subprocess call - check for execution of untrusted input. in /src/node_modules/aws-cdk-lib/custom-resource-handlers/dist/aws-stepfunctions-tasks/role-policy-handler/index.py:12" timestamp="2024-07-24 09:36:27.526003" classname="bandit" status="INFO" file="/src/node_modules/aws-cdk-lib/custom-resource-handlers/dist/aws-stepfunctions-tasks/role-policy-handler/index.py" line="12">
			<failure type="INFO" message="B603: subprocess call - check for execution of untrusted input."/>
		</testcase>
		<testcase name="B404: Consider possible security implications associated with the subprocess module. in /src/node_modules/aws-cdk-lib/custom-resource-handlers/dist/aws-eks/kubectl-handler/helm/__init__.py:162" timestamp="2024-07-24 09:36:27.525840" classname="bandit" status="INFO" file="/src/node_modules/aws-cdk-lib/custom-resource-handlers/dist/aws-eks/kubectl-handler/helm/__init__.py" line="162">
			<failure type="INFO" message="B404: Consider possible security implications associated with the subprocess module."/>
		</testcase>
		<testcase name="B607: Starting a process with a partial executable path in /src/node_modules/aws-cdk-lib/custom-resource-handlers/dist/aws-eks/kubectl-handler/helm/__init__.py:23" timestamp="2024-07-24 09:36:27.525741" classname="bandit" status="INFO" file="/src/node_modules/aws-cdk-lib/custom-resource-handlers/dist/aws-eks/kubectl-handler/helm/__init__.py" line="23">
			<failure type="INFO" message="B607: Starting a process with a partial executable path"/>
		</testcase>
		<testcase name="B603: subprocess call - check for execution of untrusted input. in /src/node_modules/aws-cdk-lib/custom-resource-handlers/dist/aws-eks/kubectl-handler/get/__init__.py:78" timestamp="2024-07-24 09:36:27.525705" classname="bandit" status="INFO" file="/src/node_modules/aws-cdk-lib/custom-resource-handlers/dist/aws-eks/kubectl-handler/get/__init__.py" line="78">
			<failure type="INFO" message="B603: subprocess call - check for execution of untrusted input."/>
		</testcase>
		<testcase name="B603: subprocess call - check for execution of untrusted input. in /src/node_modules/aws-cdk-lib/custom-resource-handlers/dist/aws-eks/kubectl-handler/apply/__init__.py:37" timestamp="2024-07-24 09:36:27.525627" classname="bandit" status="INFO" file="/src/node_modules/aws-cdk-lib/custom-resource-handlers/dist/aws-eks/kubectl-handler/apply/__init__.py" line="37">
			<failure type="INFO" message="B603: subprocess call - check for execution of untrusted input."/>
		</testcase>
		<testcase name="B607: Starting a process with a partial executable path in /src/node_modules/aws-cdk-lib/custom-resource-handlers/dist/aws-eks/kubectl-handler/helm/__init__.py:58" timestamp="2024-07-24 09:36:27.525765" classname="bandit" status="INFO" file="/src/node_modules/aws-cdk-lib/custom-resource-handlers/dist/aws-eks/kubectl-handler/helm/__init__.py" line="58">
			<failure type="INFO" message="B607: Starting a process with a partial executable path"/>
		</testcase>
		<testcase name="B101: Use of assert detected. The enclosed code will be removed when compiling to optimised byte code. in /src/node_modules/aws-cdk-lib/custom-resource-handlers/dist/aws-eks/kubectl-handler/helm/__init__.py:83" timestamp="2024-07-24 09:36:27.525815" classname="bandit" status="INFO" file="/src/node_modules/aws-cdk-lib/custom-resource-handlers/dist/aws-eks/kubectl-handler/helm/__init__.py" line="83">
			<failure type="INFO" message="B101: Use of assert detected. The enclosed code will be removed when compiling to optimised byte code."/>
		</testcase>
	</testsuite>
	<testsuite disabled="0" errors="0" failures="1" name="cfn_nag" skipped="0" tests="1" time="0">
		<testcase name="CUSTOM: This repo contains malformed Cloudformation causing cfn_nag to fail with an exception. in ENTIRE_REPO:0" timestamp="2024-07-24 09:36:27.525306" classname="cfn_nag" status="ERROR" file="ENTIRE_REPO" line="0">
			<failure type="ERROR" message="CUSTOM: This repo contains malformed Cloudformation causing cfn_nag to fail with an exception."/>
		</testcase>
	</testsuite>
	<testsuite disabled="0" errors="0" failures="1" name="cdk_nag_detect" skipped="0" tests="1" time="0">
		<testcase name="Detected a CDK project with AwsSolutionsCheck, however we cannot determine whether the project actually consumes cdk_nag. Please verify manually. in N/A:0" timestamp="2024-07-24 09:36:27.525393" classname="cdk_nag_detect" status="INFO" file="N/A" line="0">
			<failure type="INFO" message="Detected a CDK project with AwsSolutionsCheck, however we cannot determine whether the project actually consumes cdk_nag. Please verify manually."/>
		</testcase>
	</testsuite>
</testsuites>
